1565218043600	mozrunner::runner	INFO	Running command: "/usr/bin/firefox" "-marionette" "-foreground" "-no-remote" "-profile" "/tmp/rust_mozprofile.mCAdz4dkHggu"
1565218044141	addons.webextension.screenshots@mozilla.org	WARN	Loading extension 'screenshots@mozilla.org': Reading manifest: Invalid extension permission: mozillaAddons
1565218044142	addons.webextension.screenshots@mozilla.org	WARN	Loading extension 'screenshots@mozilla.org': Reading manifest: Invalid extension permission: telemetry
1565218044142	addons.webextension.screenshots@mozilla.org	WARN	Loading extension 'screenshots@mozilla.org': Reading manifest: Invalid extension permission: resource://pdf.js/
1565218044142	addons.webextension.screenshots@mozilla.org	WARN	Loading extension 'screenshots@mozilla.org': Reading manifest: Invalid extension permission: about:reader*
1565218046447	Marionette	INFO	Listening on port 36443
1565218046510	Marionette	WARN	TLS certificate errors will be ignored for this session
1565218064966	Marionette	INFO	Stopped listening on port 36443
1565218156007	mozrunner::runner	INFO	Running command: "/usr/bin/firefox" "-marionette" "-foreground" "-no-remote" "-profile" "/tmp/rust_mozprofile.nDmW7e2E6ovI"
1565218156499	addons.webextension.screenshots@mozilla.org	WARN	Loading extension 'screenshots@mozilla.org': Reading manifest: Invalid extension permission: mozillaAddons
1565218156499	addons.webextension.screenshots@mozilla.org	WARN	Loading extension 'screenshots@mozilla.org': Reading manifest: Invalid extension permission: telemetry
1565218156500	addons.webextension.screenshots@mozilla.org	WARN	Loading extension 'screenshots@mozilla.org': Reading manifest: Invalid extension permission: resource://pdf.js/
1565218156500	addons.webextension.screenshots@mozilla.org	WARN	Loading extension 'screenshots@mozilla.org': Reading manifest: Invalid extension permission: about:reader*
1565218158504	Marionette	INFO	Listening on port 40601
1565218158555	Marionette	WARN	TLS certificate errors will be ignored for this session
JavaScript error: https://revision.lewis.ucla.edu/details/charts-theme.js, line 13: ReferenceError: Highcharts is not defined
JavaScript error: https://revision.lewis.ucla.edu/details/data.js, line 1380: TypeError: revgeocode_data is undefined
JavaScript error: https://revision.lewis.ucla.edu/details/data.js, line 1299: TypeError: igr_raw.features is undefined
JavaScript error: https://revision.lewis.ucla.edu/details/data.js, line 184: TypeError: zhvi_data_raw.features[0] is undefined
1565218191646	Marionette	INFO	Stopped listening on port 40601
1565218252236	mozrunner::runner	INFO	Running command: "/usr/bin/firefox" "-marionette" "-foreground" "-no-remote" "-profile" "/tmp/rust_mozprofile.xR97OIbwA8iI"
1565218252717	addons.webextension.screenshots@mozilla.org	WARN	Loading extension 'screenshots@mozilla.org': Reading manifest: Invalid extension permission: mozillaAddons
1565218252718	addons.webextension.screenshots@mozilla.org	WARN	Loading extension 'screenshots@mozilla.org': Reading manifest: Invalid extension permission: telemetry
1565218252718	addons.webextension.screenshots@mozilla.org	WARN	Loading extension 'screenshots@mozilla.org': Reading manifest: Invalid extension permission: resource://pdf.js/
1565218252718	addons.webextension.screenshots@mozilla.org	WARN	Loading extension 'screenshots@mozilla.org': Reading manifest: Invalid extension permission: about:reader*
1565218254683	Marionette	INFO	Listening on port 43401
1565218254748	Marionette	WARN	TLS certificate errors will be ignored for this session
JavaScript error: https://revision.lewis.ucla.edu/details/charts-theme.js, line 13: ReferenceError: Highcharts is not defined
JavaScript error: https://revision.lewis.ucla.edu/details/data.js, line 1299: TypeError: igr_raw.features is undefined
JavaScript error: https://revision.lewis.ucla.edu/details/data.js, line 1380: TypeError: revgeocode_data is undefined
JavaScript error: https://revision.lewis.ucla.edu/details/data.js, line 184: TypeError: zhvi_data_raw.features[0] is undefined
1565218262533	Marionette	INFO	Stopped listening on port 43401
1565646889954	mozrunner::runner	INFO	Running command: "/usr/bin/firefox" "-marionette" "-foreground" "-no-remote" "-profile" "/tmp/rust_mozprofile.FgjVwfMnFdfe"
1565646890311	addons.webextension.screenshots@mozilla.org	WARN	Loading extension 'screenshots@mozilla.org': Reading manifest: Invalid extension permission: mozillaAddons
1565646890311	addons.webextension.screenshots@mozilla.org	WARN	Loading extension 'screenshots@mozilla.org': Reading manifest: Invalid extension permission: telemetry
1565646890312	addons.webextension.screenshots@mozilla.org	WARN	Loading extension 'screenshots@mozilla.org': Reading manifest: Invalid extension permission: resource://pdf.js/
1565646890312	addons.webextension.screenshots@mozilla.org	WARN	Loading extension 'screenshots@mozilla.org': Reading manifest: Invalid extension permission: about:reader*
1565646891676	Marionette	INFO	Listening on port 45433
1565646891804	Marionette	WARN	TLS certificate errors will be ignored for this session
1565646892952	Marionette	INFO	Stopped listening on port 45433
JavaScript error: resource:///modules/FaviconLoader.jsm, line 477: NS_ERROR_ILLEGAL_VALUE

###!!! [Child][MessageChannel] Error: (msgtype=0x530005,name=PHttpChannel::Msg_Cancel) Closed channel: cannot send/recv


###!!! [Child][MessageChannel] Error: (msgtype=0x530005,name=PHttpChannel::Msg_Cancel) Closed channel: cannot send/recv


###!!! [Child][MessageChannel] Error: (msgtype=0x530005,name=PHttpChannel::Msg_Cancel) Closed channel: cannot send/recv

1565646952495	mozrunner::runner	INFO	Running command: "/usr/bin/firefox" "-marionette" "-foreground" "-no-remote" "-profile" "/tmp/rust_mozprofile.WpL1d3dlQsys"
1565646952836	addons.webextension.screenshots@mozilla.org	WARN	Loading extension 'screenshots@mozilla.org': Reading manifest: Invalid extension permission: mozillaAddons
1565646952836	addons.webextension.screenshots@mozilla.org	WARN	Loading extension 'screenshots@mozilla.org': Reading manifest: Invalid extension permission: telemetry
1565646952836	addons.webextension.screenshots@mozilla.org	WARN	Loading extension 'screenshots@mozilla.org': Reading manifest: Invalid extension permission: resource://pdf.js/
1565646952836	addons.webextension.screenshots@mozilla.org	WARN	Loading extension 'screenshots@mozilla.org': Reading manifest: Invalid extension permission: about:reader*
1565646954207	Marionette	INFO	Listening on port 36589
1565646954308	Marionette	WARN	TLS certificate errors will be ignored for this session
1565646955481	Marionette	INFO	Stopped listening on port 36589

###!!! [Child][MessageChannel] Error: (msgtype=0x530005,name=PHttpChannel::Msg_Cancel) Closed channel: cannot send/recv


###!!! [Child][MessageChannel] Error: (msgtype=0x530005,name=PHttpChannel::Msg_Cancel) Closed channel: cannot send/recv


###!!! [Child][MessageChannel] Error: (msgtype=0x530005,name=PHttpChannel::Msg_Cancel) Closed channel: cannot send/recv

1565649220814	mozrunner::runner	INFO	Running command: "/usr/bin/firefox" "-marionette" "-foreground" "-no-remote" "-profile" "/tmp/rust_mozprofile.YrRlePII10pe"
1565649221158	addons.webextension.screenshots@mozilla.org	WARN	Loading extension 'screenshots@mozilla.org': Reading manifest: Invalid extension permission: mozillaAddons
1565649221158	addons.webextension.screenshots@mozilla.org	WARN	Loading extension 'screenshots@mozilla.org': Reading manifest: Invalid extension permission: telemetry
1565649221158	addons.webextension.screenshots@mozilla.org	WARN	Loading extension 'screenshots@mozilla.org': Reading manifest: Invalid extension permission: resource://pdf.js/
1565649221158	addons.webextension.screenshots@mozilla.org	WARN	Loading extension 'screenshots@mozilla.org': Reading manifest: Invalid extension permission: about:reader*
1565649222532	Marionette	INFO	Listening on port 35807
1565649222638	Marionette	WARN	TLS certificate errors will be ignored for this session
console.error: BroadcastService: 
  receivedBroadcastMessage: handler for
  remote-settings/monitor_changes
  threw error:
  Message: Error: Polling for changes failed: http://%(server)s/dummy/blocklist//buckets/monitor/collections/changes/records?_expected=%221565481679319%22 is not a valid URL..
  Stack:
    remoteSettingsFunction/remoteSettings.pollChanges@resource://services-settings/remote-settings.js:201:13

[Parent 12935, Gecko_IOThread] WARNING: pipe error (79): Connection reset by peer: file /build/firefox-tGfEvD/firefox-68.0.1+build1/ipc/chromium/src/chrome/common/ipc_channel_posix.cc, line 358
[Parent 12935, Gecko_IOThread] WARNING: pipe error (98): Connection reset by peer: file /build/firefox-tGfEvD/firefox-68.0.1+build1/ipc/chromium/src/chrome/common/ipc_channel_posix.cc, line 358
1565649368194	Marionette	INFO	Stopped listening on port 35807
1565649402372	mozrunner::runner	INFO	Running command: "/usr/bin/firefox" "-marionette" "-foreground" "-no-remote" "-profile" "/tmp/rust_mozprofile.0WdAxGiRCr8r"
1565649402717	addons.webextension.screenshots@mozilla.org	WARN	Loading extension 'screenshots@mozilla.org': Reading manifest: Invalid extension permission: mozillaAddons
1565649402717	addons.webextension.screenshots@mozilla.org	WARN	Loading extension 'screenshots@mozilla.org': Reading manifest: Invalid extension permission: telemetry
1565649402717	addons.webextension.screenshots@mozilla.org	WARN	Loading extension 'screenshots@mozilla.org': Reading manifest: Invalid extension permission: resource://pdf.js/
1565649402717	addons.webextension.screenshots@mozilla.org	WARN	Loading extension 'screenshots@mozilla.org': Reading manifest: Invalid extension permission: about:reader*
1565649404000	Marionette	INFO	Listening on port 39185
1565649404076	Marionette	WARN	TLS certificate errors will be ignored for this session
JavaScript error: https://revision.lewis.ucla.edu/details/charts-theme.js, line 13: ReferenceError: Highcharts is not defined
JavaScript error: https://revision.lewis.ucla.edu/details/data.js, line 1380: TypeError: revgeocode_data is undefined
JavaScript error: https://revision.lewis.ucla.edu/details/data.js, line 1299: TypeError: igr_raw.features is undefined
JavaScript error: https://revision.lewis.ucla.edu/details/data.js, line 184: TypeError: zhvi_data_raw.features[0] is undefined
console.error: BroadcastService: 
  receivedBroadcastMessage: handler for
  remote-settings/monitor_changes
  threw error:
  Message: Error: Polling for changes failed: http://%(server)s/dummy/blocklist//buckets/monitor/collections/changes/records?_expected=%221565481679319%22 is not a valid URL..
  Stack:
    remoteSettingsFunction/remoteSettings.pollChanges@resource://services-settings/remote-settings.js:201:13

[Parent 13127, Gecko_IOThread] WARNING: pipe error (79): Connection reset by peer: file /build/firefox-tGfEvD/firefox-68.0.1+build1/ipc/chromium/src/chrome/common/ipc_channel_posix.cc, line 358
1565649567200	Marionette	INFO	Stopped listening on port 39185
1565649597252	mozrunner::runner	INFO	Running command: "/usr/bin/firefox" "-marionette" "-foreground" "-no-remote" "-profile" "/tmp/rust_mozprofile.j51zNG7BVJ93"
1565649597598	addons.webextension.screenshots@mozilla.org	WARN	Loading extension 'screenshots@mozilla.org': Reading manifest: Invalid extension permission: mozillaAddons
1565649597598	addons.webextension.screenshots@mozilla.org	WARN	Loading extension 'screenshots@mozilla.org': Reading manifest: Invalid extension permission: telemetry
1565649597599	addons.webextension.screenshots@mozilla.org	WARN	Loading extension 'screenshots@mozilla.org': Reading manifest: Invalid extension permission: resource://pdf.js/
1565649597599	addons.webextension.screenshots@mozilla.org	WARN	Loading extension 'screenshots@mozilla.org': Reading manifest: Invalid extension permission: about:reader*
1565649598894	Marionette	INFO	Listening on port 43873
1565649598957	Marionette	WARN	TLS certificate errors will be ignored for this session
JavaScript error: https://revision.lewis.ucla.edu/details/charts-theme.js, line 13: ReferenceError: Highcharts is not defined
JavaScript error: https://revision.lewis.ucla.edu/details/data.js, line 1380: TypeError: revgeocode_data is undefined
JavaScript error: https://revision.lewis.ucla.edu/details/data.js, line 1299: TypeError: igr_raw.features is undefined
JavaScript error: https://revision.lewis.ucla.edu/details/data.js, line 184: TypeError: zhvi_data_raw.features[0] is undefined
1565649607069	Marionette	INFO	Stopped listening on port 43873
1565649610761	mozrunner::runner	INFO	Running command: "/usr/bin/firefox" "-marionette" "-foreground" "-no-remote" "-profile" "/tmp/rust_mozprofile.cUppTPoc01Kd"
1565649611141	addons.webextension.screenshots@mozilla.org	WARN	Loading extension 'screenshots@mozilla.org': Reading manifest: Invalid extension permission: mozillaAddons
1565649611142	addons.webextension.screenshots@mozilla.org	WARN	Loading extension 'screenshots@mozilla.org': Reading manifest: Invalid extension permission: telemetry
1565649611142	addons.webextension.screenshots@mozilla.org	WARN	Loading extension 'screenshots@mozilla.org': Reading manifest: Invalid extension permission: resource://pdf.js/
1565649611142	addons.webextension.screenshots@mozilla.org	WARN	Loading extension 'screenshots@mozilla.org': Reading manifest: Invalid extension permission: about:reader*
1565649612485	Marionette	INFO	Listening on port 35513
1565649612568	Marionette	WARN	TLS certificate errors will be ignored for this session
JavaScript error: https://revision.lewis.ucla.edu/details/charts-theme.js, line 13: ReferenceError: Highcharts is not defined
JavaScript error: https://revision.lewis.ucla.edu/details/data.js, line 1299: TypeError: igr_raw.features is undefined
JavaScript error: https://revision.lewis.ucla.edu/details/data.js, line 1380: TypeError: revgeocode_data is undefined
JavaScript error: https://revision.lewis.ucla.edu/details/data.js, line 184: TypeError: zhvi_data_raw.features[0] is undefined
1565649617755	Marionette	INFO	Stopped listening on port 35513
1565649623496	mozrunner::runner	INFO	Running command: "/usr/bin/firefox" "-marionette" "-foreground" "-no-remote" "-profile" "/tmp/rust_mozprofile.Bz4UgsYd7aZb"
1565649623855	addons.webextension.screenshots@mozilla.org	WARN	Loading extension 'screenshots@mozilla.org': Reading manifest: Invalid extension permission: mozillaAddons
1565649623855	addons.webextension.screenshots@mozilla.org	WARN	Loading extension 'screenshots@mozilla.org': Reading manifest: Invalid extension permission: telemetry
1565649623856	addons.webextension.screenshots@mozilla.org	WARN	Loading extension 'screenshots@mozilla.org': Reading manifest: Invalid extension permission: resource://pdf.js/
1565649623856	addons.webextension.screenshots@mozilla.org	WARN	Loading extension 'screenshots@mozilla.org': Reading manifest: Invalid extension permission: about:reader*
1565649625362	Marionette	INFO	Listening on port 37599
1565649625402	Marionette	WARN	TLS certificate errors will be ignored for this session
JavaScript error: https://revision.lewis.ucla.edu/details/charts-theme.js, line 13: ReferenceError: Highcharts is not defined
JavaScript error: https://revision.lewis.ucla.edu/details/data.js, line 1299: TypeError: igr_raw.features is undefined
JavaScript error: https://revision.lewis.ucla.edu/details/data.js, line 1380: TypeError: revgeocode_data is undefined
JavaScript error: https://revision.lewis.ucla.edu/details/data.js, line 184: TypeError: zhvi_data_raw.features[0] is undefined
1565649632384	Marionette	INFO	Stopped listening on port 37599
1565649636137	mozrunner::runner	INFO	Running command: "/usr/bin/firefox" "-marionette" "-foreground" "-no-remote" "-profile" "/tmp/rust_mozprofile.vGw50oJh5fju"
1565649636498	addons.webextension.screenshots@mozilla.org	WARN	Loading extension 'screenshots@mozilla.org': Reading manifest: Invalid extension permission: mozillaAddons
1565649636499	addons.webextension.screenshots@mozilla.org	WARN	Loading extension 'screenshots@mozilla.org': Reading manifest: Invalid extension permission: telemetry
1565649636499	addons.webextension.screenshots@mozilla.org	WARN	Loading extension 'screenshots@mozilla.org': Reading manifest: Invalid extension permission: resource://pdf.js/
1565649636499	addons.webextension.screenshots@mozilla.org	WARN	Loading extension 'screenshots@mozilla.org': Reading manifest: Invalid extension permission: about:reader*
1565649638052	Marionette	INFO	Listening on port 39873
1565649638145	Marionette	WARN	TLS certificate errors will be ignored for this session
JavaScript error: https://revision.lewis.ucla.edu/details/charts-theme.js, line 13: ReferenceError: Highcharts is not defined
JavaScript error: https://revision.lewis.ucla.edu/details/data.js, line 1299: TypeError: igr_raw.features is undefined
JavaScript error: https://revision.lewis.ucla.edu/details/data.js, line 1380: TypeError: revgeocode_data is undefined
JavaScript error: https://revision.lewis.ucla.edu/details/data.js, line 184: TypeError: zhvi_data_raw.features[0] is undefined
1565649644232	Marionette	INFO	Stopped listening on port 39873
1565649647990	mozrunner::runner	INFO	Running command: "/usr/bin/firefox" "-marionette" "-foreground" "-no-remote" "-profile" "/tmp/rust_mozprofile.ez4QBZ2CvPmO"
1565649648345	addons.webextension.screenshots@mozilla.org	WARN	Loading extension 'screenshots@mozilla.org': Reading manifest: Invalid extension permission: mozillaAddons
1565649648345	addons.webextension.screenshots@mozilla.org	WARN	Loading extension 'screenshots@mozilla.org': Reading manifest: Invalid extension permission: telemetry
1565649648346	addons.webextension.screenshots@mozilla.org	WARN	Loading extension 'screenshots@mozilla.org': Reading manifest: Invalid extension permission: resource://pdf.js/
1565649648346	addons.webextension.screenshots@mozilla.org	WARN	Loading extension 'screenshots@mozilla.org': Reading manifest: Invalid extension permission: about:reader*
1565649649862	Marionette	INFO	Listening on port 46267
1565649649903	Marionette	WARN	TLS certificate errors will be ignored for this session
JavaScript error: https://revision.lewis.ucla.edu/details/charts-theme.js, line 13: ReferenceError: Highcharts is not defined
JavaScript error: https://revision.lewis.ucla.edu/details/data.js, line 1299: TypeError: igr_raw.features is undefined
JavaScript error: https://revision.lewis.ucla.edu/details/data.js, line 1380: TypeError: revgeocode_data is undefined
JavaScript error: https://revision.lewis.ucla.edu/details/data.js, line 184: TypeError: zhvi_data_raw.features[0] is undefined
1565649655112	Marionette	INFO	Stopped listening on port 46267

###!!! [Child][MessageChannel] Error: (msgtype=0x53000E,name=PHttpChannel::Msg_DeletingChannel) Channel closing: too late to send/recv, messages will be lost

1565650001294	mozrunner::runner	INFO	Running command: "/usr/bin/firefox" "-marionette" "-foreground" "-no-remote" "-profile" "/tmp/rust_mozprofile.c1qQHlZ7F1j0"
1565650001644	addons.webextension.screenshots@mozilla.org	WARN	Loading extension 'screenshots@mozilla.org': Reading manifest: Invalid extension permission: mozillaAddons
1565650001644	addons.webextension.screenshots@mozilla.org	WARN	Loading extension 'screenshots@mozilla.org': Reading manifest: Invalid extension permission: telemetry
1565650001645	addons.webextension.screenshots@mozilla.org	WARN	Loading extension 'screenshots@mozilla.org': Reading manifest: Invalid extension permission: resource://pdf.js/
1565650001645	addons.webextension.screenshots@mozilla.org	WARN	Loading extension 'screenshots@mozilla.org': Reading manifest: Invalid extension permission: about:reader*
1565650003313	Marionette	INFO	Listening on port 42607
1565650003400	Marionette	WARN	TLS certificate errors will be ignored for this session
[Parent 14531, Gecko_IOThread] WARNING: pipe error (79): Connection reset by peer: file /build/firefox-tGfEvD/firefox-68.0.1+build1/ipc/chromium/src/chrome/common/ipc_channel_posix.cc, line 358
[Parent 14531, Gecko_IOThread] WARNING: pipe error (100): Connection reset by peer: file /build/firefox-tGfEvD/firefox-68.0.1+build1/ipc/chromium/src/chrome/common/ipc_channel_posix.cc, line 358
1565650046354	Marionette	INFO	Stopped listening on port 42607
1565650049184	mozrunner::runner	INFO	Running command: "/usr/bin/firefox" "-marionette" "-foreground" "-no-remote" "-profile" "/tmp/rust_mozprofile.gquC3Zeg7HrE"
1565650049529	addons.webextension.screenshots@mozilla.org	WARN	Loading extension 'screenshots@mozilla.org': Reading manifest: Invalid extension permission: mozillaAddons
1565650049529	addons.webextension.screenshots@mozilla.org	WARN	Loading extension 'screenshots@mozilla.org': Reading manifest: Invalid extension permission: telemetry
1565650049529	addons.webextension.screenshots@mozilla.org	WARN	Loading extension 'screenshots@mozilla.org': Reading manifest: Invalid extension permission: resource://pdf.js/
1565650049529	addons.webextension.screenshots@mozilla.org	WARN	Loading extension 'screenshots@mozilla.org': Reading manifest: Invalid extension permission: about:reader*
1565650050905	Marionette	INFO	Listening on port 46043
1565650051000	Marionette	WARN	TLS certificate errors will be ignored for this session
JavaScript error: https://revision.lewis.ucla.edu/details/charts-theme.js, line 13: ReferenceError: Highcharts is not defined
JavaScript error: https://revision.lewis.ucla.edu/details/data.js, line 1299: TypeError: igr_raw.features is undefined
JavaScript error: https://revision.lewis.ucla.edu/details/data.js, line 1380: TypeError: revgeocode_data is undefined
JavaScript error: https://revision.lewis.ucla.edu/details/data.js, line 184: TypeError: zhvi_data_raw.features[0] is undefined
JavaScript error: https://revision.lewis.ucla.edu/details/charts-theme.js, line 13: ReferenceError: Highcharts is not defined
JavaScript error: https://revision.lewis.ucla.edu/details/data.js, line 1299: TypeError: igr_raw.features is undefined
JavaScript error: https://revision.lewis.ucla.edu/details/data.js, line 1380: TypeError: revgeocode_data is undefined
JavaScript error: https://revision.lewis.ucla.edu/details/data.js, line 184: TypeError: zhvi_data_raw.features[0] is undefined
JavaScript error: https://revision.lewis.ucla.edu/details/charts-theme.js, line 13: ReferenceError: Highcharts is not defined
JavaScript error: https://revision.lewis.ucla.edu/details/data.js, line 1299: TypeError: igr_raw.features is undefined
JavaScript error: https://revision.lewis.ucla.edu/details/data.js, line 1380: TypeError: revgeocode_data is undefined
JavaScript error: https://revision.lewis.ucla.edu/details/data.js, line 184: TypeError: zhvi_data_raw.features[0] is undefined
JavaScript error: https://revision.lewis.ucla.edu/details/charts-theme.js, line 13: ReferenceError: Highcharts is not defined
console.error: BroadcastService: 
  receivedBroadcastMessage: handler for
  remote-settings/monitor_changes
  threw error:
  Message: Error: Polling for changes failed: http://%(server)s/dummy/blocklist//buckets/monitor/collections/changes/records?_expected=%221565481679319%22 is not a valid URL..
  Stack:
    remoteSettingsFunction/remoteSettings.pollChanges@resource://services-settings/remote-settings.js:201:13

JavaScript error: https://revision.lewis.ucla.edu/details/data.js, line 1299: TypeError: igr_raw.features is undefined
JavaScript error: https://revision.lewis.ucla.edu/details/data.js, line 1380: TypeError: revgeocode_data is undefined
JavaScript error: https://revision.lewis.ucla.edu/details/data.js, line 184: TypeError: zhvi_data_raw.features[0] is undefined
JavaScript error: https://revision.lewis.ucla.edu/details/charts-theme.js, line 13: ReferenceError: Highcharts is not defined
JavaScript error: https://revision.lewis.ucla.edu/details/data.js, line 1299: TypeError: igr_raw.features is undefined
JavaScript error: https://revision.lewis.ucla.edu/details/data.js, line 1380: TypeError: revgeocode_data is undefined
JavaScript error: https://revision.lewis.ucla.edu/details/data.js, line 184: TypeError: zhvi_data_raw.features[0] is undefined
1565650076550	Marionette	INFO	Stopped listening on port 46043
